2024-06-21 00:13:39 - INFO - API started
2024-06-21 00:13:40 - INFO - Database initialization complete
2024-06-21 00:14:48 - INFO - New car was added
2024-06-21 00:14:51 - INFO - New car was added
2024-06-21 00:15:03 - INFO - Cars A with limit=None and offset=None
2024-06-21 00:15:06 - INFO - Cars A with limit=None and offset=None
2024-06-21 00:15:08 - INFO - Cars A with limit=None and offset=None
2024-06-21 00:15:45 - INFO - Cars A with limit=None and offset=None
2024-06-21 00:16:04 - INFO - API stopped
2024-06-21 00:16:08 - INFO - API started
2024-06-21 00:16:08 - INFO - Database initialization complete
2024-06-21 00:16:33 - INFO - New car was added
2024-06-21 00:16:35 - INFO - New car was added
2024-06-21 00:16:45 - INFO - Cars A with limit=None and offset=None
2024-06-21 00:17:41 - INFO - API stopped
2024-06-21 00:17:45 - INFO - API started
2024-06-21 00:17:45 - INFO - Database initialization complete
2024-06-21 00:18:40 - INFO - New car was added
2024-06-21 00:18:53 - INFO - Cars A with limit=None and offset=None
2024-06-21 00:18:53 - INFO - CarsOrm.car_class
2024-06-21 01:09:53 - INFO - API stopped
2024-06-21 23:19:22 - INFO - API started
2024-06-21 23:19:22 - INFO - Database initialization complete
2024-06-21 23:24:42 - INFO - API stopped
2024-06-21 23:24:44 - INFO - API started
2024-06-21 23:24:44 - INFO - Database initialization complete
2024-06-21 23:25:40 - ERROR - Invalid car number
2024-06-21 23:26:27 - ERROR - Invalid car number
2024-06-21 23:27:45 - INFO - API stopped
2024-06-21 23:27:47 - INFO - API started
2024-06-21 23:27:47 - INFO - Database initialization complete
2024-06-21 23:28:35 - ERROR - Invalid car number
2024-06-21 23:29:46 - INFO - API stopped
2024-06-21 23:29:48 - INFO - API started
2024-06-21 23:29:48 - INFO - Database initialization complete
2024-06-21 23:34:26 - INFO - API stopped
2024-06-21 23:34:28 - INFO - API started
2024-06-21 23:34:28 - INFO - Database initialization complete
2024-06-21 23:35:09 - INFO - New car was added
2024-06-21 23:38:08 - INFO - API stopped
2024-06-21 23:38:10 - INFO - API started
2024-06-21 23:38:10 - INFO - Database initialization complete
2024-06-21 23:39:15 - INFO - New car was added
2024-06-21 23:39:18 - INFO - New car was added
2024-06-21 23:39:20 - INFO - New car was added
2024-06-21 23:39:20 - INFO - New car was added
2024-06-21 23:39:20 - INFO - New car was added
2024-06-21 23:39:20 - INFO - New car was added
2024-06-21 23:39:39 - INFO - All cars with limit=None and offset=None
2024-06-21 23:39:45 - INFO - All cars with limit=None and offset=None
2024-06-21 23:44:27 - INFO - API stopped
2024-06-21 23:44:29 - INFO - API started
2024-06-21 23:44:29 - INFO - Database initialization complete
2024-06-21 23:45:18 - INFO - New car was added
2024-06-21 23:45:22 - INFO - New car was added
2024-06-21 23:45:22 - INFO - New car was added
2024-06-21 23:45:29 - INFO - All cars with limit=None and offset=None
2024-06-21 23:47:05 - INFO - All cars with limit=None and offset=None
2024-06-21 23:47:07 - INFO - All cars with limit=None and offset=None
2024-06-21 23:47:08 - INFO - All cars with limit=None and offset=None
2024-06-21 23:47:08 - INFO - All cars with limit=None and offset=None
2024-06-21 23:47:16 - INFO - Car with id=1
2024-06-21 23:47:19 - INFO - Car with id=1
2024-06-21 23:49:19 - INFO - API stopped
2024-06-21 23:49:21 - INFO - API started
2024-06-21 23:49:21 - INFO - Database initialization complete
2024-06-21 23:50:31 - INFO - New car was added
2024-06-21 23:50:36 - INFO - New car was added
2024-06-21 23:50:36 - INFO - New car was added
2024-06-21 23:50:37 - INFO - New car was added
2024-06-21 23:50:37 - INFO - New car was added
2024-06-21 23:50:37 - INFO - New car was added
2024-06-21 23:50:37 - INFO - New car was added
2024-06-21 23:50:37 - INFO - New car was added
2024-06-21 23:50:37 - INFO - New car was added
2024-06-21 23:50:38 - INFO - New car was added
2024-06-21 23:50:38 - INFO - New car was added
2024-06-21 23:50:38 - INFO - New car was added
2024-06-21 23:50:38 - INFO - New car was added
2024-06-21 23:50:38 - INFO - New car was added
2024-06-21 23:50:38 - INFO - New car was added
2024-06-21 23:50:39 - INFO - New car was added
2024-06-21 23:50:39 - INFO - New car was added
2024-06-21 23:50:39 - INFO - New car was added
2024-06-21 23:50:45 - INFO - All cars with limit=3 and offset=None
2024-06-21 23:50:46 - INFO - All cars with limit=3 and offset=None
2024-06-21 23:50:59 - INFO - All cars with limit=None and offset=None
2024-06-21 23:51:12 - INFO - Car with id=5
2024-06-21 23:51:18 - INFO - All cars with limit=None and offset=None
2024-06-21 23:56:22 - INFO - API stopped
2024-06-21 23:56:23 - INFO - API started
2024-06-21 23:56:23 - INFO - Database initialization complete
2024-06-21 23:57:16 - INFO - New car was added
2024-06-21 23:57:19 - INFO - New car was added
2024-06-21 23:57:25 - INFO - All cars with limit=None and offset=None
2024-06-21 23:57:44 - INFO - Car with 1
2024-06-22 00:02:01 - INFO - API stopped
2024-06-22 00:02:03 - INFO - API started
2024-06-22 00:02:03 - INFO - Database initialization complete
2024-06-22 00:02:53 - INFO - New car was added
2024-06-22 00:02:55 - INFO - New car was added
2024-06-22 00:02:55 - INFO - New car was added
2024-06-22 00:02:55 - INFO - New car was added
2024-06-22 00:03:00 - INFO - All cars with limit=None and offset=None
2024-06-22 00:03:08 - INFO - New car was added
2024-06-22 00:03:08 - INFO - New car was added
2024-06-22 00:03:08 - INFO - New car was added
2024-06-22 00:03:13 - INFO - All cars with limit=None and offset=None
2024-06-22 00:06:39 - INFO - API stopped
2024-06-22 00:06:41 - INFO - API started
2024-06-22 00:06:42 - INFO - Database initialization complete
2024-06-22 00:07:40 - INFO - New car was added
2024-06-22 00:07:42 - INFO - New car was added
2024-06-22 00:07:47 - INFO - All cars with limit=None and offset=None
2024-06-22 00:20:17 - INFO - API stopped
2024-06-22 00:20:20 - INFO - API started
2024-06-22 00:20:20 - INFO - Database initialization complete
2024-06-22 00:20:28 - INFO - API stopped
2024-06-22 00:23:17 - INFO - API started
2024-06-22 00:23:17 - INFO - Database initialization complete
2024-06-22 00:24:01 - INFO - New car was added
2024-06-22 00:24:04 - INFO - New car was added
2024-06-22 00:24:04 - INFO - New car was added
2024-06-22 00:24:09 - INFO - All cars with limit=None and offset=None
2024-06-22 00:24:21 - INFO - All cars with limit=None and offset=None
2024-06-22 00:33:18 - INFO - API stopped
2024-06-22 00:33:20 - INFO - API started
2024-06-22 00:33:21 - INFO - Database initialization complete
2024-06-22 00:34:05 - INFO - New car was added
2024-06-22 00:34:07 - INFO - New car was added
2024-06-22 00:34:07 - INFO - New car was added
2024-06-22 00:34:19 - INFO - All cars with limit=None and offset=None
2024-06-22 00:43:23 - INFO - API stopped
2024-06-22 14:36:41 - INFO - API started
2024-06-22 14:36:41 - INFO - Database initialization complete
2024-06-22 14:38:11 - INFO - New car was added
2024-06-22 14:38:14 - INFO - New car was added
2024-06-22 14:38:14 - INFO - New car was added
2024-06-22 14:38:44 - INFO - New car was added
2024-06-22 14:38:46 - INFO - New car was added
2024-06-22 14:38:46 - INFO - New car was added
2024-06-22 14:38:54 - INFO - All cars with limit=None and offset=None
2024-06-22 14:39:09 - INFO - All cars with limit=None and offset=None
2024-06-22 14:39:20 - INFO - All cars with limit=None and offset=None
2024-06-22 14:39:39 - INFO - All cars with limit=None and offset=None
2024-06-22 14:39:51 - INFO - New car was added
2024-06-22 14:39:51 - INFO - New car was added
2024-06-22 14:39:51 - INFO - New car was added
2024-06-22 14:39:57 - INFO - All cars with limit=None and offset=None
2024-06-22 14:40:09 - INFO - All cars with limit=None and offset=None
2024-06-22 14:40:13 - INFO - All cars with limit=None and offset=None
2024-06-22 14:40:20 - INFO - All cars with limit=None and offset=None
2024-06-22 22:34:25 - INFO - API stopped
2024-06-22 23:09:07 - INFO - API started
2024-06-22 23:09:07 - INFO - Database initialization complete
2024-06-22 23:10:25 - INFO - New car was added
2024-06-22 23:10:28 - INFO - New car was added
2024-06-22 23:10:28 - INFO - New car was added
2024-06-22 23:10:28 - INFO - New car was added
2024-06-22 23:10:49 - INFO - New car was added
2024-06-22 23:10:49 - INFO - New car was added
2024-06-22 23:10:49 - INFO - New car was added
2024-06-22 23:13:53 - INFO - API stopped
2024-06-22 23:13:56 - INFO - API started
2024-06-22 23:13:56 - INFO - Database initialization complete
2024-06-22 23:14:49 - INFO - New car was added
2024-06-22 23:14:49 - INFO - New car was added
2024-06-22 23:14:49 - INFO - New car was added
2024-06-22 23:15:06 - INFO - New car was added
2024-06-22 23:15:06 - INFO - New car was added
2024-06-22 23:15:07 - INFO - New car was added
2024-06-22 23:15:07 - INFO - New car was added
2024-06-23 02:11:22 - INFO - API stopped
2024-06-29 20:34:42 - INFO - API started
2024-06-29 20:34:43 - INFO - Database initialization complete
2024-06-29 20:36:08 - INFO - API stopped
2024-06-29 20:46:16 - INFO - API started
2024-06-29 20:46:16 - INFO - Database initialization complete
2024-06-29 21:03:54 - INFO - API stopped
2024-06-29 21:03:59 - INFO - API started
2024-06-29 21:03:59 - INFO - Database initialization complete
2024-06-29 21:08:56 - INFO - API stopped
2024-06-29 21:09:00 - INFO - API started
2024-06-29 21:09:00 - INFO - Database initialization complete
2024-06-29 21:12:06 - INFO - API stopped
2024-06-29 21:12:08 - INFO - API started
2024-06-29 21:12:08 - INFO - Database initialization complete
2024-06-29 21:16:45 - INFO - API stopped
2024-06-29 21:16:51 - INFO - API started
2024-06-29 21:16:51 - INFO - Database initialization complete
2024-06-29 21:32:23 - INFO - API stopped
2024-06-29 21:32:27 - INFO - API started
2024-06-29 21:32:28 - INFO - Database initialization complete
2024-06-29 21:36:02 - INFO - API stopped
2024-06-29 21:36:06 - INFO - API started
2024-06-29 21:36:06 - INFO - Database initialization complete
2024-06-29 21:55:55 - INFO - API stopped
2024-06-29 21:56:01 - INFO - API started
2024-06-29 21:56:01 - INFO - Database initialization complete
2024-06-29 21:57:39 - INFO - API stopped
2024-06-29 21:57:42 - INFO - API started
2024-06-29 21:57:42 - INFO - Database initialization complete
2024-06-29 22:01:25 - INFO - API stopped
2024-06-29 22:01:29 - INFO - API started
2024-06-29 22:01:29 - INFO - Database initialization complete
2024-06-29 22:03:43 - INFO - API stopped
2024-06-29 22:03:46 - INFO - API started
2024-06-29 22:03:46 - INFO - Database initialization complete
2024-06-29 22:06:13 - INFO - API stopped
2024-06-29 22:06:17 - INFO - API started
2024-06-29 22:06:17 - INFO - Database initialization complete
2024-06-30 00:13:54 - INFO - API stopped
2024-06-30 00:15:34 - INFO - API started
2024-06-30 00:15:35 - INFO - Database initialization complete
2024-06-30 00:20:04 - INFO - API stopped
2024-06-30 00:20:09 - INFO - API started
2024-06-30 00:20:09 - INFO - Database initialization complete
2024-06-30 00:22:50 - INFO - API stopped
2024-06-30 00:22:54 - INFO - API started
2024-06-30 00:22:55 - INFO - Database initialization complete
2024-06-30 00:28:05 - INFO - API stopped
2024-06-30 00:28:09 - INFO - API started
2024-06-30 00:28:09 - INFO - Database initialization complete
2024-06-30 00:33:48 - INFO - API stopped
2024-06-30 00:33:52 - INFO - API started
2024-06-30 00:33:52 - INFO - Database initialization complete
2024-06-30 00:47:30 - INFO - API stopped
2024-06-30 00:47:34 - INFO - API started
2024-06-30 00:47:34 - INFO - Database initialization complete
2024-06-30 00:48:37 - INFO - API stopped
2024-06-30 00:48:41 - INFO - API started
2024-06-30 00:48:41 - INFO - Database initialization complete
2024-06-30 00:51:21 - INFO - API stopped
2024-06-30 00:51:24 - INFO - API started
2024-06-30 00:51:25 - INFO - Database initialization complete
2024-06-30 00:54:39 - INFO - API stopped
2024-06-30 00:54:42 - INFO - API started
2024-06-30 00:54:43 - INFO - Database initialization complete
2024-06-30 00:56:23 - INFO - API stopped
2024-06-30 00:56:27 - INFO - API started
2024-06-30 00:56:27 - INFO - Database initialization complete
2024-06-30 00:58:09 - INFO - API stopped
2024-06-30 00:58:13 - INFO - API started
2024-06-30 00:58:13 - INFO - Database initialization complete
2024-06-30 01:00:06 - INFO - API stopped
2024-07-03 23:17:26 - INFO - API started
2024-07-03 23:17:27 - INFO - Database initialization complete
2024-07-03 23:25:06 - INFO - API stopped
2024-07-03 23:25:10 - INFO - API started
2024-07-03 23:25:10 - INFO - Database initialization complete
2024-07-03 23:27:11 - INFO - API stopped
2024-07-03 23:27:14 - INFO - API started
2024-07-03 23:27:15 - INFO - Database initialization complete
2024-07-04 00:19:41 - INFO - API stopped
2024-07-04 00:19:46 - INFO - API started
2024-07-04 00:19:47 - INFO - Database initialization complete
2024-07-04 00:31:10 - INFO - API stopped
2024-07-04 00:31:15 - INFO - API started
2024-07-04 00:31:16 - INFO - Database initialization complete
2024-07-04 00:37:51 - INFO - API stopped
2024-07-04 00:38:00 - INFO - API started
2024-07-04 00:38:00 - INFO - Database initialization complete
2024-07-04 00:39:10 - INFO - API stopped
2024-07-04 00:39:14 - INFO - API started
2024-07-04 00:39:14 - INFO - Database initialization complete
2024-07-04 00:46:19 - INFO - API stopped
2024-07-04 00:46:23 - INFO - API started
2024-07-04 00:46:23 - INFO - Database initialization complete
2024-07-04 00:48:28 - INFO - API stopped
2024-07-04 00:48:32 - INFO - API started
2024-07-04 00:48:32 - INFO - Database initialization complete
2024-07-04 00:49:19 - INFO - API stopped
2024-07-04 00:49:22 - INFO - API started
2024-07-04 00:49:22 - INFO - Database initialization complete
2024-07-04 02:06:14 - INFO - API stopped
2024-07-04 02:06:18 - INFO - API started
2024-07-04 02:06:19 - INFO - Database initialization complete
2024-07-04 02:11:54 - INFO - API stopped
2024-07-04 02:11:59 - INFO - API started
2024-07-04 02:11:59 - INFO - Database initialization complete
2024-07-04 02:16:09 - INFO - API stopped
2024-07-04 02:16:13 - INFO - API started
2024-07-04 02:16:13 - INFO - Database initialization complete
2024-07-04 02:16:40 - INFO - The user fvf/sagopien04@gmail.com has logged in
2024-07-04 02:50:37 - INFO - API stopped
2024-07-05 00:44:45 - INFO - API started
2024-07-05 00:44:45 - INFO - Database initialization complete
2024-07-05 00:45:19 - INFO - The user fdf/sagopien04@gmail.com has logged in
2024-07-05 00:49:20 - INFO - API stopped
2024-07-05 00:49:23 - INFO - API started
2024-07-05 00:49:23 - INFO - Database initialization complete
2024-07-05 00:49:41 - INFO - The user ма/sagopien04@gmail.com has logged in
2024-07-05 01:23:33 - INFO - API stopped
2024-07-05 15:13:40 - INFO - API started
2024-07-05 15:13:41 - INFO - Database initialization complete
2024-07-05 15:15:24 - INFO - The user miim/sagopien04@gmail.com has logged in
2024-07-05 15:22:48 - INFO - API stopped
2024-07-05 15:22:51 - INFO - API started
2024-07-05 15:22:51 - INFO - Database initialization complete
2024-07-05 15:23:15 - INFO - The user ss/sagopien04@gmail.com has logged in
2024-07-05 15:26:49 - INFO - API stopped
2024-07-05 15:26:51 - INFO - API started
2024-07-05 15:26:51 - INFO - Database initialization complete
2024-07-05 15:31:01 - INFO - API stopped
2024-07-05 15:31:06 - INFO - API started
2024-07-05 15:31:06 - INFO - Database initialization complete
2024-07-05 15:31:59 - INFO - The user ff/sagopien04@gmail.com has logged in
2024-07-05 15:42:53 - INFO - API stopped
2024-07-05 15:42:58 - INFO - API started
2024-07-05 15:42:58 - INFO - Database initialization complete
2024-07-05 15:43:24 - INFO - The user frrf/sagopien04@gmail.com has logged in
2024-07-05 19:06:46 - INFO - API stopped
2024-07-05 19:06:50 - INFO - API started
2024-07-05 19:06:51 - INFO - Database initialization complete
2024-07-05 19:07:21 - INFO - The user аа/sagopien04@gmail.com has logged in
2024-07-05 19:09:13 - INFO - API stopped
2024-07-05 19:09:16 - INFO - API started
2024-07-05 19:09:16 - INFO - Database initialization complete
2024-07-05 19:09:35 - INFO - The user аа/sagopien04@gmail.com has logged in
2024-07-05 19:12:31 - INFO - API stopped
2024-07-05 19:12:34 - INFO - API started
2024-07-05 19:12:34 - INFO - Database initialization complete
2024-07-05 20:48:17 - INFO - API stopped
2024-07-05 20:48:22 - INFO - API started
2024-07-05 20:48:22 - INFO - select pg_catalog.version()
2024-07-05 20:48:22 - INFO - [raw sql] {}
2024-07-05 20:48:22 - INFO - select current_schema()
2024-07-05 20:48:22 - INFO - [raw sql] {}
2024-07-05 20:48:22 - INFO - show standard_conforming_strings
2024-07-05 20:48:22 - INFO - [raw sql] {}
2024-07-05 20:48:22 - INFO - BEGIN (implicit)
2024-07-05 20:48:22 - INFO - SELECT pg_catalog.pg_class.relname 
FROM pg_catalog.pg_class JOIN pg_catalog.pg_namespace ON pg_catalog.pg_namespace.oid = pg_catalog.pg_class.relnamespace 
WHERE pg_catalog.pg_class.relname = %(table_name)s AND pg_catalog.pg_class.relkind = ANY (ARRAY[%(param_1)s, %(param_2)s, %(param_3)s, %(param_4)s, %(param_5)s]) AND pg_catalog.pg_table_is_visible(pg_catalog.pg_class.oid) AND pg_catalog.pg_namespace.nspname != %(nspname_1)s
2024-07-05 20:48:22 - INFO - [generated in 0.00033s] {'table_name': 'cars', 'param_1': 'r', 'param_2': 'p', 'param_3': 'f', 'param_4': 'v', 'param_5': 'm', 'nspname_1': 'pg_catalog'}
2024-07-05 20:48:22 - INFO - SELECT pg_catalog.pg_class.relname 
FROM pg_catalog.pg_class JOIN pg_catalog.pg_namespace ON pg_catalog.pg_namespace.oid = pg_catalog.pg_class.relnamespace 
WHERE pg_catalog.pg_class.relname = %(table_name)s AND pg_catalog.pg_class.relkind = ANY (ARRAY[%(param_1)s, %(param_2)s, %(param_3)s, %(param_4)s, %(param_5)s]) AND pg_catalog.pg_table_is_visible(pg_catalog.pg_class.oid) AND pg_catalog.pg_namespace.nspname != %(nspname_1)s
2024-07-05 20:48:22 - INFO - [cached since 0.007891s ago] {'table_name': 'users', 'param_1': 'r', 'param_2': 'p', 'param_3': 'f', 'param_4': 'v', 'param_5': 'm', 'nspname_1': 'pg_catalog'}
2024-07-05 20:48:22 - INFO - 
DROP TABLE users
2024-07-05 20:48:22 - INFO - [no key 0.00017s] {}
2024-07-05 20:48:22 - INFO - 
DROP TABLE cars
2024-07-05 20:48:22 - INFO - [no key 0.00022s] {}
2024-07-05 20:48:22 - INFO - COMMIT
2024-07-05 20:48:22 - INFO - BEGIN (implicit)
2024-07-05 20:48:22 - INFO - SELECT pg_catalog.pg_class.relname 
FROM pg_catalog.pg_class JOIN pg_catalog.pg_namespace ON pg_catalog.pg_namespace.oid = pg_catalog.pg_class.relnamespace 
WHERE pg_catalog.pg_class.relname = %(table_name)s AND pg_catalog.pg_class.relkind = ANY (ARRAY[%(param_1)s, %(param_2)s, %(param_3)s, %(param_4)s, %(param_5)s]) AND pg_catalog.pg_table_is_visible(pg_catalog.pg_class.oid) AND pg_catalog.pg_namespace.nspname != %(nspname_1)s
2024-07-05 20:48:22 - INFO - [cached since 0.05496s ago] {'table_name': 'cars', 'param_1': 'r', 'param_2': 'p', 'param_3': 'f', 'param_4': 'v', 'param_5': 'm', 'nspname_1': 'pg_catalog'}
2024-07-05 20:48:22 - INFO - SELECT pg_catalog.pg_class.relname 
FROM pg_catalog.pg_class JOIN pg_catalog.pg_namespace ON pg_catalog.pg_namespace.oid = pg_catalog.pg_class.relnamespace 
WHERE pg_catalog.pg_class.relname = %(table_name)s AND pg_catalog.pg_class.relkind = ANY (ARRAY[%(param_1)s, %(param_2)s, %(param_3)s, %(param_4)s, %(param_5)s]) AND pg_catalog.pg_table_is_visible(pg_catalog.pg_class.oid) AND pg_catalog.pg_namespace.nspname != %(nspname_1)s
2024-07-05 20:48:22 - INFO - [cached since 0.05585s ago] {'table_name': 'users', 'param_1': 'r', 'param_2': 'p', 'param_3': 'f', 'param_4': 'v', 'param_5': 'm', 'nspname_1': 'pg_catalog'}
2024-07-05 20:48:22 - INFO - 
CREATE TABLE cars (
	car_id SERIAL NOT NULL, 
	car_brand VARCHAR(64) NOT NULL, 
	car_model VARCHAR(64) NOT NULL, 
	rent_deposit INTEGER NOT NULL, 
	car_class VARCHAR(32) NOT NULL, 
	drive_unit VARCHAR(32) NOT NULL, 
	car_fuel VARCHAR(32) NOT NULL, 
	car_year INTEGER NOT NULL, 
	engine_power INTEGER NOT NULL, 
	transmission VARCHAR NOT NULL, 
	description VARCHAR NOT NULL, 
	car_number VARCHAR(64) NOT NULL, 
	car_photo VARCHAR(256) NOT NULL, 
	car_status VARCHAR NOT NULL, 
	PRIMARY KEY (car_id), 
	CHECK (rent_deposit > 0), 
	CHECK (car_class in ('A', 'B', 'C', 'D', 'E', 'F', 'M', 'S', 'J', 'truck', 'van')), 
	CHECK (car_fuel in ('дизель', 'бензин', 'гибрид', 'электро', 'водород')), 
	CHECK (drive_unit in ('FWD', 'RWD', '4WD')), 
	CHECK (transmission in ('АКПП', 'МКПП', 'Вариатор', 'Робот')), 
	CHECK (car_status in ('0', '1')), 
	CHECK (car_year > 1970)
)


2024-07-05 20:48:22 - INFO - [no key 0.00021s] {}
2024-07-05 20:48:22 - INFO - 
CREATE TABLE users (
	user_id SERIAL NOT NULL, 
	username VARCHAR(128) NOT NULL, 
	email VARCHAR(64) NOT NULL, 
	hashed_password BYTEA NOT NULL, 
	driving_licence_date DATE NOT NULL, 
	gibdd_number VARCHAR(16) NOT NULL, 
	driving_licence_number VARCHAR(32) NOT NULL, 
	balance INTEGER NOT NULL, 
	PRIMARY KEY (user_id), 
	CHECK (balance > 0)
)


2024-07-05 20:48:22 - INFO - [no key 0.00112s] {}
2024-07-05 20:48:22 - INFO - COMMIT
2024-07-05 20:48:22 - INFO - Database initialization complete
2024-07-05 20:49:29 - INFO - BEGIN (implicit)
2024-07-05 20:49:29 - INFO - INSERT INTO cars (car_brand, car_model, rent_deposit, car_class, drive_unit, car_fuel, car_year, engine_power, transmission, description, car_number, car_photo, car_status) VALUES (%(car_brand)s, %(car_model)s, %(rent_deposit)s, %(car_class)s, %(drive_unit)s, %(car_fuel)s, %(car_year)s, %(engine_power)s, %(transmission)s, %(description)s, %(car_number)s, %(car_photo)s, %(car_status)s) RETURNING cars.car_id
2024-07-05 20:49:29 - INFO - [generated in 0.00061s] {'car_brand': 'vfv', 'car_model': 'fvfv', 'rent_deposit': 1222, 'car_class': 'A', 'drive_unit': 'FWD', 'car_fuel': 'бензин', 'car_year': 2000, 'engine_power': 33, 'transmission': 'АКПП', 'description': 'акакуау', 'car_number': 'М843ТС', 'car_photo': 'ву.jpg', 'car_status': '1'}
2024-07-05 20:49:29 - INFO - COMMIT
2024-07-05 20:49:29 - INFO - New car was added
2024-07-05 20:49:37 - INFO - BEGIN (implicit)
2024-07-05 20:49:37 - INFO - SELECT cars.car_id, cars.car_brand, cars.car_model, cars.rent_deposit, cars.drive_unit, cars.car_year, cars.transmission, cars.engine_power, cars.car_photo 
FROM cars
2024-07-05 20:49:37 - INFO - [generated in 0.00033s] {}
2024-07-05 20:49:37 - INFO - ROLLBACK
2024-07-05 20:49:37 - INFO - All cars with limit=None and offset=None
2024-07-05 22:41:02 - INFO - API stopped
